<?xml version="1.0" encoding="UTF-8"?>
<testsuite name="solution.SudokuSolverTest" tests="4" skipped="0" failures="0" errors="0" timestamp="2020-05-26T14:17:32" hostname="pboerdin.fritz.box" time="0.066">
  <properties/>
  <testcase name="possible_shouldReturnFalse_givenRowContainsInput()" classname="solution.SudokuSolverTest" time="0.042"/>
  <testcase name="possible_shouldReturnFalse_givenSquareContainsInput()" classname="solution.SudokuSolverTest" time="0.003"/>
  <testcase name="possible_shouldReturnTrue_givenGridIsEmpty()" classname="solution.SudokuSolverTest" time="0.003"/>
  <testcase name="possible_shouldReturnFalse_givenColumnContainsInput()" classname="solution.SudokuSolverTest" time="0.003"/>
  <system-out><![CDATA[]]></system-out>
  <system-err><![CDATA[]]></system-err>
</testsuite>
